<?xml version="1.0" encoding="UTF-8"?>
<!-- Generated by org.testng.reporters.JUnitReportReporter -->
<testsuite hostname="Ranjith" failures="0" tests="1" name="calender.ByJavaScriptDatePicker" time="0.164" errors="0" timestamp="2024-12-14T19:38:07 IST" skipped="0">
  <testcase classname="calender.ByJavaScriptDatePicker" name="simpleDatePicker" time="0.164"/>
</testsuite> <!-- calender.ByJavaScriptDatePicker -->
