<?xml version="1.0" encoding="UTF-8"?>
<!-- Generated by org.testng.reporters.JUnitReportReporter -->
<testsuite hostname="Ranjith" failures="0" tests="1" name="mouseHoverActions.DoubleClick" time="1.613" errors="0" timestamp="2024-12-13T12:13:59 IST" skipped="0">
  <testcase classname="mouseHoverActions.DoubleClick" name="imagesDoubleClick" time="1.613"/>
</testsuite> <!-- mouseHoverActions.DoubleClick -->
