<?xml version="1.0" encoding="UTF-8"?>
<!-- Generated by org.testng.reporters.JUnitReportReporter -->
<testsuite hostname="Ranjith" failures="0" tests="3" name="dataProvider.DataProviderExample" time="2.104" errors="0" timestamp="2025-01-10T09:30:26 IST" skipped="0">
  <testcase classname="dataProvider.DataProviderExample" name="loginDemoApp" time="0.467"/>
  <testcase classname="dataProvider.DataProviderExample" name="logout" time="0.566"/>
  <testcase classname="dataProvider.DataProviderExample" name="loginDemoApp" time="1.071"/>
</testsuite> <!-- dataProvider.DataProviderExample -->
