<?xml version="1.0" encoding="UTF-8"?>
<!-- Generated by org.testng.reporters.JUnitReportReporter -->
<testsuite hostname="Ranjith" failures="0" tests="4" name="TestNG.InvocateandEnabled" time="0.036" errors="0" timestamp="2024-12-12T12:38:46 IST" skipped="1">
  <testcase classname="TestNG.InvocateandEnabled" name="two" time="0.019"/>
  <testcase classname="TestNG.InvocateandEnabled" name="three" time="0.013"/>
  <testcase classname="TestNG.InvocateandEnabled" name="four" time="0.004"/>
  <testcase classname="TestNG.InvocateandEnabled" name="one">
    <skipped/>
  </testcase> <!-- one -->
</testsuite> <!-- TestNG.InvocateandEnabled -->
