<?xml version="1.0" encoding="UTF-8"?>
<!-- Generated by org.testng.reporters.JUnitReportReporter -->
<testsuite hostname="Ranjith" failures="0" tests="1" name="dataDriverFramework.WriteDataInExcel" time="1.312" errors="0" timestamp="2024-12-25T14:42:31 IST" skipped="0">
  <testcase classname="dataDriverFramework.WriteDataInExcel" name="writeDataInExcel" time="1.312"/>
</testsuite> <!-- dataDriverFramework.WriteDataInExcel -->
