<?xml version="1.0" encoding="UTF-8"?>
<!-- Generated by org.testng.reporters.JUnitReportReporter -->
<testsuite hostname="Ranjith" failures="0" tests="1" name="scrollDown.ScrollDownByParticularElement" time="0.100" errors="0" timestamp="2024-12-17T18:55:36 IST" skipped="0">
  <testcase classname="scrollDown.ScrollDownByParticularElement" name="scrollByParticularElement" time="0.100"/>
</testsuite> <!-- scrollDown.ScrollDownByParticularElement -->
