<?xml version="1.0" encoding="UTF-8"?>
<!-- Generated by org.testng.reporters.JUnitReportReporter -->
<testsuite hostname="Ranjith" failures="0" tests="1" name="scrollDown.ScrollDownToBottom" time="3.486" errors="0" timestamp="2024-12-17T19:00:35 IST" skipped="0">
  <testcase classname="scrollDown.ScrollDownToBottom" name="scrollByPixels" time="3.486"/>
</testsuite> <!-- scrollDown.ScrollDownToBottom -->
