<?xml version="1.0" encoding="UTF-8"?>
<!-- Generated by org.testng.reporters.JUnitReportReporter -->
<testsuite hostname="Ranjith" failures="0" tests="1" name="fileUpload.UploadFile" time="3.256" errors="0" timestamp="2024-12-16T21:18:45 IST" skipped="0">
  <testcase classname="fileUpload.UploadFile" name="uploadFile" time="3.256"/>
</testsuite> <!-- fileUpload.UploadFile -->
