<?xml version="1.0" encoding="UTF-8"?>
<!-- Generated by org.testng.reporters.JUnitReportReporter -->
<testsuite hostname="Ranjith" failures="0" tests="1" name="mouseHoverActions.RightClick" time="0.253" errors="0" timestamp="2024-12-13T12:13:59 IST" skipped="0">
  <testcase classname="mouseHoverActions.RightClick" name="imagesDoubleClick" time="0.253"/>
</testsuite> <!-- mouseHoverActions.RightClick -->
