<?xml version="1.0" encoding="UTF-8"?>
<!-- Generated by org.testng.reporters.JUnitReportReporter -->
<testsuite hostname="Ranjith" failures="0" tests="1" name="dataDriverFramework.WriteSingleDataInExcel" time="1.388" errors="0" timestamp="2024-12-25T15:56:42 IST" skipped="0">
  <testcase classname="dataDriverFramework.WriteSingleDataInExcel" name="writeSingleData" time="1.388"/>
</testsuite> <!-- dataDriverFramework.WriteSingleDataInExcel -->
