<?xml version="1.0" encoding="UTF-8"?>
<!-- Generated by org.testng.reporters.JUnitReportReporter -->
<testsuite hostname="Ranjith" failures="0" tests="1" name="screenShort.TakeScreenShort" time="0.302" errors="0" timestamp="2024-12-14T14:10:16 IST" skipped="0">
  <testcase classname="screenShort.TakeScreenShort" name="takeScreenShort" time="0.302"/>
</testsuite> <!-- screenShort.TakeScreenShort -->
