<?xml version="1.0" encoding="UTF-8"?>
<!-- Generated by org.testng.reporters.JUnitReportReporter -->
<testsuite hostname="Ranjith" failures="0" tests="2" name="extentreports.VerifyGoogleAndBing" time="3.271" errors="0" timestamp="2025-01-11T14:56:46 IST" skipped="0">
  <testcase classname="extentreports.VerifyGoogleAndBing" name="openGoogle" time="1.975"/>
  <testcase classname="extentreports.VerifyGoogleAndBing" name="openwikipedia" time="1.296"/>
</testsuite> <!-- extentreports.VerifyGoogleAndBing -->
