<?xml version="1.0" encoding="UTF-8"?>
<!-- Generated by org.testng.reporters.JUnitReportReporter -->
<testsuite hostname="Ranjith" failures="0" tests="4" name="dataDriverFramework.ReadDatasFromExcel" time="6.831" errors="0" timestamp="2024-12-25T18:34:20 IST" skipped="0">
  <testcase classname="dataDriverFramework.ReadDatasFromExcel" name="loginFuntion" time="0.405"/>
  <testcase classname="dataDriverFramework.ReadDatasFromExcel" name="loginFuntion" time="2.326"/>
  <testcase classname="dataDriverFramework.ReadDatasFromExcel" name="loginFuntion" time="2.089"/>
  <testcase classname="dataDriverFramework.ReadDatasFromExcel" name="loginFuntion" time="2.011"/>
</testsuite> <!-- dataDriverFramework.ReadDatasFromExcel -->
