<?xml version="1.0" encoding="UTF-8"?>
<!-- Generated by org.testng.reporters.JUnitReportReporter -->
<testsuite hostname="Ranjith" failures="0" tests="3" name="alertpopup.AlertPoP" time="0.539" errors="0" timestamp="2024-12-27T22:36:07 IST" skipped="0">
  <testcase classname="alertpopup.AlertPoP" name="clickForJSAlert" time="0.192"/>
  <testcase classname="alertpopup.AlertPoP" name="clickForJSPromt" time="0.173"/>
  <testcase classname="alertpopup.AlertPoP" name="clickForJSConfirm" time="0.174"/>
</testsuite> <!-- alertpopup.AlertPoP -->
