<?xml version="1.0" encoding="UTF-8"?>
<!-- Generated by org.testng.reporters.JUnitReportReporter -->
<testsuite hostname="Ranjith" failures="0" tests="3" name="TestNG.Sequence" time="0.035" errors="0" timestamp="2024-12-12T12:38:46 IST" skipped="0">
  <testcase classname="TestNG.Sequence" name="dosa1" time="0.017"/>
  <testcase classname="TestNG.Sequence" name="dosa2" time="0.013"/>
  <testcase classname="TestNG.Sequence" name="dosa3" time="0.005"/>
</testsuite> <!-- TestNG.Sequence -->
