<?xml version="1.0" encoding="UTF-8"?>
<!-- Generated by org.testng.reporters.JUnitReportReporter -->
<testsuite hostname="Ranjith" failures="0" tests="1" name="keyBoardActions.MultipleButtons" time="0.450" errors="0" timestamp="2024-12-14T12:57:15 IST" skipped="0">
  <testcase classname="keyBoardActions.MultipleButtons" name="firstName" time="0.450"/>
</testsuite> <!-- keyBoardActions.MultipleButtons -->
