<?xml version="1.0" encoding="UTF-8"?>
<!-- Generated by org.testng.reporters.JUnitReportReporter -->
<testsuite hostname="Ranjith" failures="0" tests="1" name="keyBoardActions.MultipleButtons" time="0.455" errors="0" timestamp="2024-12-27T22:28:08 IST" skipped="0">
  <testcase classname="keyBoardActions.MultipleButtons" name="firstName" time="0.455"/>
</testsuite> <!-- keyBoardActions.MultipleButtons -->
