<?xml version="1.0" encoding="UTF-8"?>
<!-- Generated by org.testng.reporters.JUnitReportReporter -->
<testsuite hostname="Ranjith" failures="0" tests="1" name="synchronization.ThreadSleepJava" time="7.040" errors="0" timestamp="2024-12-19T13:35:44 IST" skipped="0">
  <testcase classname="synchronization.ThreadSleepJava" name="javaSleep" time="7.040"/>
</testsuite> <!-- synchronization.ThreadSleepJava -->
