<?xml version="1.0" encoding="UTF-8"?>
<!-- Generated by org.testng.reporters.JUnitReportReporter -->
<testsuite hostname="Ranjith" failures="0" tests="1" name="alertpopup.BasicAuthentication" time="8.590" errors="0" timestamp="2024-12-12T11:56:05 IST" skipped="0">
  <testcase classname="alertpopup.BasicAuthentication" name="openChromeBrowser" time="8.590"/>
</testsuite> <!-- alertpopup.BasicAuthentication -->
