<?xml version="1.0" encoding="UTF-8"?>
<!-- Generated by org.testng.reporters.JUnitReportReporter -->
<testsuite hostname="Ranjith" failures="0" tests="3" name="TestNG.Priority" time="0.050" errors="0" timestamp="2024-12-12T12:38:46 IST" skipped="0">
  <testcase classname="TestNG.Priority" name="openGmail" time="0.011"/>
  <testcase classname="TestNG.Priority" name="openWhatsApp" time="0.019"/>
  <testcase classname="TestNG.Priority" name="openGoogleSheet" time="0.020"/>
</testsuite> <!-- TestNG.Priority -->
