<?xml version="1.0" encoding="UTF-8"?>
<!-- Generated by org.testng.reporters.JUnitReportReporter -->
<testsuite hostname="Ranjith" failures="0" tests="2" name="parameters.ParameterizedTest" time="2.230" errors="0" timestamp="2025-01-10T12:47:02 IST" skipped="0">
  <testcase classname="parameters.ParameterizedTest" name="logout" time="0.613"/>
  <testcase classname="parameters.ParameterizedTest" name="loginDemoApp" time="1.617"/>
</testsuite> <!-- parameters.ParameterizedTest -->
