<?xml version="1.0" encoding="UTF-8"?>
<!-- Generated by org.testng.reporters.JUnitReportReporter -->
<testsuite hostname="Ranjith" failures="0" tests="10" name="keyBoardActions.SingleButton" time="30.494" errors="0" timestamp="2024-12-14T12:31:56 IST" skipped="0">
  <testcase classname="keyBoardActions.SingleButton" name="clickEnter" time="3.128"/>
  <testcase classname="keyBoardActions.SingleButton" name="clickSpace" time="3.041"/>
  <testcase classname="keyBoardActions.SingleButton" name="clickBackSpace" time="3.052"/>
  <testcase classname="keyBoardActions.SingleButton" name="clickEscape" time="3.031"/>
  <testcase classname="keyBoardActions.SingleButton" name="clickDelete" time="3.032"/>
  <testcase classname="keyBoardActions.SingleButton" name="clickArrowUp" time="3.048"/>
  <testcase classname="keyBoardActions.SingleButton" name="clickArrowDown" time="3.054"/>
  <testcase classname="keyBoardActions.SingleButton" name="clickArrowLeft" time="3.048"/>
  <testcase classname="keyBoardActions.SingleButton" name="clickArrowRight" time="3.028"/>
  <testcase classname="keyBoardActions.SingleButton" name="clickFunctionsKey" time="3.032"/>
</testsuite> <!-- keyBoardActions.SingleButton -->
