<?xml version="1.0" encoding="UTF-8"?>
<!-- Generated by org.testng.reporters.JUnitReportReporter -->
<testsuite hostname="Ranjith" failures="0" tests="1" name="alertpopup.BasicAuthentication" time="6.294" errors="0" timestamp="2024-12-27T22:26:28 IST" skipped="0">
  <testcase classname="alertpopup.BasicAuthentication" name="openChromeBrowser" time="6.294"/>
</testsuite> <!-- alertpopup.BasicAuthentication -->
