<?xml version="1.0" encoding="UTF-8"?>
<!-- Generated by org.testng.reporters.JUnitReportReporter -->
<testsuite hostname="Ranjith" failures="0" tests="1" name="synchronization.ImplicitlyWait" time="5.916" errors="0" timestamp="2024-12-19T13:38:39 IST" skipped="0">
  <testcase classname="synchronization.ImplicitlyWait" name="implicitwait" time="5.916"/>
</testsuite> <!-- synchronization.ImplicitlyWait -->
