<?xml version="1.0" encoding="UTF-8"?>
<!-- Generated by org.testng.reporters.JUnitReportReporter -->
<testsuite hostname="Ranjith" failures="0" tests="1" name="scrollDown.ScrollDownByPixels" time="3.450" errors="0" timestamp="2024-12-17T18:58:50 IST" skipped="0">
  <testcase classname="scrollDown.ScrollDownByPixels" name="scrollByPixels" time="3.450"/>
</testsuite> <!-- scrollDown.ScrollDownByPixels -->
