<?xml version="1.0" encoding="UTF-8"?>
<!-- Generated by org.testng.reporters.JUnitReportReporter -->
<testsuite hostname="Ranjith" failures="0" tests="2" name="parameters.ParameterizedTest" time="1.559" errors="0" timestamp="2025-01-10T09:41:56 IST" skipped="0">
  <testcase classname="parameters.ParameterizedTest" name="logout" time="0.299"/>
  <testcase classname="parameters.ParameterizedTest" name="loginDemoApp" time="1.260"/>
</testsuite> <!-- parameters.ParameterizedTest -->
