<?xml version="1.0" encoding="UTF-8"?>
<!-- Generated by org.testng.reporters.JUnitReportReporter -->
<testsuite hostname="Ranjith" failures="0" tests="1" name="synchronization.ExplicitlyWait" time="6.289" errors="0" timestamp="2024-12-19T13:44:54 IST" skipped="0">
  <testcase classname="synchronization.ExplicitlyWait" name="implicitwait" time="6.289"/>
</testsuite> <!-- synchronization.ExplicitlyWait -->
