<?xml version="1.0" encoding="UTF-8"?>
<!-- Generated by org.testng.reporters.JUnitReportReporter -->
<testsuite hostname="Ranjith" failures="0" tests="1" name="mouseHoverActions.Move" time="0.198" errors="0" timestamp="2024-12-13T12:13:59 IST" skipped="0">
  <testcase classname="mouseHoverActions.Move" name="imagesDoubleClick" time="0.198"/>
</testsuite> <!-- mouseHoverActions.Move -->
