<?xml version="1.0" encoding="UTF-8"?>
<!-- Generated by org.testng.reporters.JUnitReportReporter -->
<testsuite hostname="Ranjith" failures="0" tests="2" name="mouseHoverActions.NormalDragAndDrop" time="0.438" errors="0" timestamp="2024-12-14T09:20:58 IST" skipped="1">
  <testcase classname="mouseHoverActions.NormalDragAndDrop" name="clickandhold" time="0.438"/>
  <testcase classname="mouseHoverActions.NormalDragAndDrop" name="dragDrop">
    <skipped/>
  </testcase> <!-- dragDrop -->
</testsuite> <!-- mouseHoverActions.NormalDragAndDrop -->
