<?xml version="1.0" encoding="UTF-8"?>
<!-- Generated by org.testng.reporters.JUnitReportReporter -->
<testsuite hostname="Ranjith" failures="0" tests="2" name="windowsHandling.WindowHandles" time="2.921" errors="0" timestamp="2024-12-12T12:25:07 IST" skipped="0">
  <testcase classname="windowsHandling.WindowHandles" name="windowParent" time="0.279"/>
  <testcase classname="windowsHandling.WindowHandles" name="windowChild" time="2.642"/>
</testsuite> <!-- windowsHandling.WindowHandles -->
