<?xml version="1.0" encoding="UTF-8"?>
<!-- Generated by org.testng.reporters.JUnitReportReporter -->
<testsuite hostname="Ranjith" failures="0" tests="1" name="calender.SimpleCalender" time="0.362" errors="0" timestamp="2024-12-14T19:26:36 IST" skipped="0">
  <testcase classname="calender.SimpleCalender" name="simpleDatePicker" time="0.362"/>
</testsuite> <!-- calender.SimpleCalender -->
