<?xml version="1.0" encoding="UTF-8"?>
<!-- Generated by org.testng.reporters.JUnitReportReporter -->
<testsuite hostname="Ranjith" failures="0" tests="1" name="testNGListeners.Login" time="1.902" errors="0" timestamp="2025-01-18T09:26:29 IST" skipped="0">
  <testcase classname="testNGListeners.Login" name="login" time="1.902"/>
</testsuite> <!-- testNGListeners.Login -->
